<?xml version="1.0" encoding="UTF-8"?>
<testsuite xmlns:xsi="http://www.w3.org/2001/XMLSchema-instance" xsi:noNamespaceSchemaLocation="https://maven.apache.org/surefire/maven-surefire-plugin/xsd/surefire-test-report.xsd" name="LibraryTest" time="0.072" tests="1" errors="0" skipped="0" failures="0">
  <properties>
    <property name="sun.desktop" value="windows"/>
    <property name="awt.toolkit" value="sun.awt.windows.WToolkit"/>
    <property name="file.encoding.pkg" value="sun.io"/>
    <property name="java.specification.version" value="1.8"/>
    <property name="sun.cpu.isalist" value="amd64"/>
    <property name="sun.jnu.encoding" value="MS949"/>
    <property name="java.class.path" value="C:\hanwha\GIT_sts\KieaGradle\test01\gs-accessing-gemfire-data-rest\target\test-classes;C:\hanwha\GIT_sts\KieaGradle\test01\gs-accessing-gemfire-data-rest\target\classes;C:\Users\taincokr\.m2\repository\org\springframework\boot\spring-boot-starter-data-rest\2.0.5.RELEASE\spring-boot-starter-data-rest-2.0.5.RELEASE.jar;C:\Users\taincokr\.m2\repository\org\springframework\boot\spring-boot-starter\2.0.5.RELEASE\spring-boot-starter-2.0.5.RELEASE.jar;C:\Users\taincokr\.m2\repository\org\springframework\boot\spring-boot\2.0.5.RELEASE\spring-boot-2.0.5.RELEASE.jar;C:\Users\taincokr\.m2\repository\org\springframework\boot\spring-boot-autoconfigure\2.0.5.RELEASE\spring-boot-autoconfigure-2.0.5.RELEASE.jar;C:\Users\taincokr\.m2\repository\javax\annotation\javax.annotation-api\1.3.2\javax.annotation-api-1.3.2.jar;C:\Users\taincokr\.m2\repository\org\yaml\snakeyaml\1.19\snakeyaml-1.19.jar;C:\Users\taincokr\.m2\repository\org\springframework\boot\spring-boot-starter-json\2.0.5.RELEASE\spring-boot-starter-json-2.0.5.RELEASE.jar;C:\Users\taincokr\.m2\repository\com\fasterxml\jackson\datatype\jackson-datatype-jdk8\2.9.6\jackson-datatype-jdk8-2.9.6.jar;C:\Users\taincokr\.m2\repository\com\fasterxml\jackson\datatype\jackson-datatype-jsr310\2.9.6\jackson-datatype-jsr310-2.9.6.jar;C:\Users\taincokr\.m2\repository\com\fasterxml\jackson\module\jackson-module-parameter-names\2.9.6\jackson-module-parameter-names-2.9.6.jar;C:\Users\taincokr\.m2\repository\org\springframework\data\spring-data-rest-webmvc\3.0.10.RELEASE\spring-data-rest-webmvc-3.0.10.RELEASE.jar;C:\Users\taincokr\.m2\repository\org\springframework\data\spring-data-rest-core\3.0.10.RELEASE\spring-data-rest-core-3.0.10.RELEASE.jar;C:\Users\taincokr\.m2\repository\org\springframework\hateoas\spring-hateoas\0.25.0.RELEASE\spring-hateoas-0.25.0.RELEASE.jar;C:\Users\taincokr\.m2\repository\org\springframework\plugin\spring-plugin-core\1.2.0.RELEASE\spring-plugin-core-1.2.0.RELEASE.jar;C:\Users\taincokr\.m2\repository\org\atteo\evo-inflector\1.2.2\evo-inflector-1.2.2.jar;C:\Users\taincokr\.m2\repository\org\springframework\boot\spring-boot-starter-web\2.0.5.RELEASE\spring-boot-starter-web-2.0.5.RELEASE.jar;C:\Users\taincokr\.m2\repository\org\springframework\boot\spring-boot-starter-tomcat\2.0.5.RELEASE\spring-boot-starter-tomcat-2.0.5.RELEASE.jar;C:\Users\taincokr\.m2\repository\org\apache\tomcat\embed\tomcat-embed-core\8.5.34\tomcat-embed-core-8.5.34.jar;C:\Users\taincokr\.m2\repository\org\apache\tomcat\embed\tomcat-embed-el\8.5.34\tomcat-embed-el-8.5.34.jar;C:\Users\taincokr\.m2\repository\org\apache\tomcat\embed\tomcat-embed-websocket\8.5.34\tomcat-embed-websocket-8.5.34.jar;C:\Users\taincokr\.m2\repository\org\hibernate\validator\hibernate-validator\6.0.12.Final\hibernate-validator-6.0.12.Final.jar;C:\Users\taincokr\.m2\repository\javax\validation\validation-api\2.0.1.Final\validation-api-2.0.1.Final.jar;C:\Users\taincokr\.m2\repository\org\jboss\logging\jboss-logging\3.3.2.Final\jboss-logging-3.3.2.Final.jar;C:\Users\taincokr\.m2\repository\com\fasterxml\classmate\1.3.4\classmate-1.3.4.jar;C:\Users\taincokr\.m2\repository\org\springframework\spring-web\5.0.9.RELEASE\spring-web-5.0.9.RELEASE.jar;C:\Users\taincokr\.m2\repository\org\springframework\spring-beans\5.0.9.RELEASE\spring-beans-5.0.9.RELEASE.jar;C:\Users\taincokr\.m2\repository\org\springframework\spring-webmvc\5.0.9.RELEASE\spring-webmvc-5.0.9.RELEASE.jar;C:\Users\taincokr\.m2\repository\org\springframework\spring-aop\5.0.9.RELEASE\spring-aop-5.0.9.RELEASE.jar;C:\Users\taincokr\.m2\repository\org\springframework\spring-context\5.0.9.RELEASE\spring-context-5.0.9.RELEASE.jar;C:\Users\taincokr\.m2\repository\org\springframework\spring-expression\5.0.9.RELEASE\spring-expression-5.0.9.RELEASE.jar;C:\Users\taincokr\.m2\repository\org\springframework\data\spring-data-gemfire\2.0.10.RELEASE\spring-data-gemfire-2.0.10.RELEASE.jar;C:\Users\taincokr\.m2\repository\org\springframework\spring-context-support\5.0.9.RELEASE\spring-context-support-5.0.9.RELEASE.jar;C:\Users\taincokr\.m2\repository\org\springframework\spring-tx\5.0.9.RELEASE\spring-tx-5.0.9.RELEASE.jar;C:\Users\taincokr\.m2\repository\org\springframework\data\spring-data-commons\2.0.10.RELEASE\spring-data-commons-2.0.10.RELEASE.jar;C:\Users\taincokr\.m2\repository\io\pivotal\gemfire\geode-core\9.1.1\geode-core-9.1.1.jar;C:\Users\taincokr\.m2\repository\com\github\stephenc\findbugs\findbugs-annotations\1.3.9-1\findbugs-annotations-1.3.9-1.jar;C:\Users\taincokr\.m2\repository\org\jgroups\jgroups\3.6.10.Final\jgroups-3.6.10.Final.jar;C:\Users\taincokr\.m2\repository\commons-lang\commons-lang\2.6\commons-lang-2.6.jar;C:\Users\taincokr\.m2\repository\it\unimi\dsi\fastutil\7.1.0\fastutil-7.1.0.jar;C:\Users\taincokr\.m2\repository\javax\resource\javax.resource-api\1.7\javax.resource-api-1.7.jar;C:\Users\taincokr\.m2\repository\javax\transaction\javax.transaction-api\1.2\javax.transaction-api-1.2.jar;C:\Users\taincokr\.m2\repository\net\java\dev\jna\jna\4.5.2\jna-4.5.2.jar;C:\Users\taincokr\.m2\repository\net\sf\jopt-simple\jopt-simple\5.0.3\jopt-simple-5.0.3.jar;C:\Users\taincokr\.m2\repository\org\apache\logging\log4j\log4j-api\2.10.0\log4j-api-2.10.0.jar;C:\Users\taincokr\.m2\repository\org\apache\logging\log4j\log4j-core\2.10.0\log4j-core-2.10.0.jar;C:\Users\taincokr\.m2\repository\org\apache\shiro\shiro-core\1.3.2\shiro-core-1.3.2.jar;C:\Users\taincokr\.m2\repository\commons-beanutils\commons-beanutils\1.9.3\commons-beanutils-1.9.3.jar;C:\Users\taincokr\.m2\repository\commons-logging\commons-logging\1.2\commons-logging-1.2.jar;C:\Users\taincokr\.m2\repository\commons-collections\commons-collections\3.2.2\commons-collections-3.2.2.jar;C:\Users\taincokr\.m2\repository\io\github\lukehutch\fast-classpath-scanner\2.0.11\fast-classpath-scanner-2.0.11.jar;C:\Users\taincokr\.m2\repository\io\pivotal\gemfire\geode-common\9.1.1\geode-common-9.1.1.jar;C:\Users\taincokr\.m2\repository\io\pivotal\gemfire\geode-json\9.1.1\geode-json-9.1.1.jar;C:\Users\taincokr\.m2\repository\io\pivotal\gemfire\geode-cq\9.1.1\geode-cq-9.1.1.jar;C:\Users\taincokr\.m2\repository\io\pivotal\gemfire\geode-lucene\9.1.1\geode-lucene-9.1.1.jar;C:\Users\taincokr\.m2\repository\org\apache\lucene\lucene-analyzers-common\6.4.1\lucene-analyzers-common-6.4.1.jar;C:\Users\taincokr\.m2\repository\org\apache\lucene\lucene-core\6.4.1\lucene-core-6.4.1.jar;C:\Users\taincokr\.m2\repository\org\apache\lucene\lucene-queries\6.4.1\lucene-queries-6.4.1.jar;C:\Users\taincokr\.m2\repository\org\apache\lucene\lucene-analyzers-phonetic\6.4.1\lucene-analyzers-phonetic-6.4.1.jar;C:\Users\taincokr\.m2\repository\commons-codec\commons-codec\1.11\commons-codec-1.11.jar;C:\Users\taincokr\.m2\repository\org\apache\lucene\lucene-queryparser\6.4.1\lucene-queryparser-6.4.1.jar;C:\Users\taincokr\.m2\repository\org\apache\lucene\lucene-sandbox\6.4.1\lucene-sandbox-6.4.1.jar;C:\Users\taincokr\.m2\repository\io\pivotal\gemfire\geode-wan\9.1.1\geode-wan-9.1.1.jar;C:\Users\taincokr\.m2\repository\antlr\antlr\2.7.7\antlr-2.7.7.jar;C:\Users\taincokr\.m2\repository\org\aspectj\aspectjweaver\1.8.13\aspectjweaver-1.8.13.jar;C:\Users\taincokr\.m2\repository\com\fasterxml\jackson\core\jackson-annotations\2.9.0\jackson-annotations-2.9.0.jar;C:\Users\taincokr\.m2\repository\com\fasterxml\jackson\core\jackson-databind\2.9.6\jackson-databind-2.9.6.jar;C:\Users\taincokr\.m2\repository\com\fasterxml\jackson\core\jackson-core\2.9.6\jackson-core-2.9.6.jar;C:\Users\taincokr\.m2\repository\org\slf4j\jcl-over-slf4j\1.7.25\jcl-over-slf4j-1.7.25.jar;C:\Users\taincokr\.m2\repository\org\slf4j\slf4j-api\1.7.25\slf4j-api-1.7.25.jar;C:\Users\taincokr\.m2\repository\org\projectlombok\lombok\1.16.22\lombok-1.16.22.jar;C:\Users\taincokr\.m2\repository\org\springframework\shell\spring-shell\1.2.0.RELEASE\spring-shell-1.2.0.RELEASE.jar;C:\Users\taincokr\.m2\repository\com\google\guava\guava\17.0\guava-17.0.jar;C:\Users\taincokr\.m2\repository\jline\jline\2.12\jline-2.12.jar;C:\Users\taincokr\.m2\repository\commons-io\commons-io\2.4\commons-io-2.4.jar;C:\Users\taincokr\.m2\repository\org\springframework\spring-core\5.0.9.RELEASE\spring-core-5.0.9.RELEASE.jar;C:\Users\taincokr\.m2\repository\org\springframework\spring-jcl\5.0.9.RELEASE\spring-jcl-5.0.9.RELEASE.jar;C:\Users\taincokr\.m2\repository\org\springframework\boot\spring-boot-starter-test\2.0.5.RELEASE\spring-boot-starter-test-2.0.5.RELEASE.jar;C:\Users\taincokr\.m2\repository\org\springframework\boot\spring-boot-test\2.0.5.RELEASE\spring-boot-test-2.0.5.RELEASE.jar;C:\Users\taincokr\.m2\repository\org\springframework\boot\spring-boot-test-autoconfigure\2.0.5.RELEASE\spring-boot-test-autoconfigure-2.0.5.RELEASE.jar;C:\Users\taincokr\.m2\repository\com\jayway\jsonpath\json-path\2.4.0\json-path-2.4.0.jar;C:\Users\taincokr\.m2\repository\net\minidev\json-smart\2.3\json-smart-2.3.jar;C:\Users\taincokr\.m2\repository\net\minidev\accessors-smart\1.2\accessors-smart-1.2.jar;C:\Users\taincokr\.m2\repository\org\ow2\asm\asm\5.0.4\asm-5.0.4.jar;C:\Users\taincokr\.m2\repository\junit\junit\4.12\junit-4.12.jar;C:\Users\taincokr\.m2\repository\org\assertj\assertj-core\3.9.1\assertj-core-3.9.1.jar;C:\Users\taincokr\.m2\repository\org\mockito\mockito-core\2.15.0\mockito-core-2.15.0.jar;C:\Users\taincokr\.m2\repository\net\bytebuddy\byte-buddy\1.7.11\byte-buddy-1.7.11.jar;C:\Users\taincokr\.m2\repository\net\bytebuddy\byte-buddy-agent\1.7.11\byte-buddy-agent-1.7.11.jar;C:\Users\taincokr\.m2\repository\org\objenesis\objenesis\2.6\objenesis-2.6.jar;C:\Users\taincokr\.m2\repository\org\hamcrest\hamcrest-core\1.3\hamcrest-core-1.3.jar;C:\Users\taincokr\.m2\repository\org\hamcrest\hamcrest-library\1.3\hamcrest-library-1.3.jar;C:\Users\taincokr\.m2\repository\org\skyscreamer\jsonassert\1.5.0\jsonassert-1.5.0.jar;C:\Users\taincokr\.m2\repository\com\vaadin\external\google\android-json\0.0.20131108.vaadin1\android-json-0.0.20131108.vaadin1.jar;C:\Users\taincokr\.m2\repository\org\springframework\spring-test\5.0.9.RELEASE\spring-test-5.0.9.RELEASE.jar;C:\Users\taincokr\.m2\repository\org\xmlunit\xmlunit-core\2.5.1\xmlunit-core-2.5.1.jar;"/>
    <property name="java.vm.vendor" value="Oracle Corporation"/>
    <property name="sun.arch.data.model" value="64"/>
    <property name="user.variant" value=""/>
    <property name="java.vendor.url" value="http://java.oracle.com/"/>
    <property name="user.timezone" value=""/>
    <property name="java.vm.specification.version" value="1.8"/>
    <property name="os.name" value="Windows 7"/>
    <property name="user.country" value="KR"/>
    <property name="sun.java.launcher" value="SUN_STANDARD"/>
    <property name="sun.boot.library.path" value="C:\hanwha\java\jdk1.8.0_152\jre\bin"/>
    <property name="sun.java.command" value="C:\Users\taincokr\AppData\Local\Temp\surefire5544074471684626206\surefirebooter6891383108441716639.jar C:\Users\taincokr\AppData\Local\Temp\surefire5544074471684626206 2018-11-21T09-23-59_737-jvmRun1 surefire7320027515285734618tmp surefire_01464030432956122401tmp"/>
    <property name="surefire.test.class.path" value="C:\hanwha\GIT_sts\KieaGradle\test01\gs-accessing-gemfire-data-rest\target\test-classes;C:\hanwha\GIT_sts\KieaGradle\test01\gs-accessing-gemfire-data-rest\target\classes;C:\Users\taincokr\.m2\repository\org\springframework\boot\spring-boot-starter-data-rest\2.0.5.RELEASE\spring-boot-starter-data-rest-2.0.5.RELEASE.jar;C:\Users\taincokr\.m2\repository\org\springframework\boot\spring-boot-starter\2.0.5.RELEASE\spring-boot-starter-2.0.5.RELEASE.jar;C:\Users\taincokr\.m2\repository\org\springframework\boot\spring-boot\2.0.5.RELEASE\spring-boot-2.0.5.RELEASE.jar;C:\Users\taincokr\.m2\repository\org\springframework\boot\spring-boot-autoconfigure\2.0.5.RELEASE\spring-boot-autoconfigure-2.0.5.RELEASE.jar;C:\Users\taincokr\.m2\repository\javax\annotation\javax.annotation-api\1.3.2\javax.annotation-api-1.3.2.jar;C:\Users\taincokr\.m2\repository\org\yaml\snakeyaml\1.19\snakeyaml-1.19.jar;C:\Users\taincokr\.m2\repository\org\springframework\boot\spring-boot-starter-json\2.0.5.RELEASE\spring-boot-starter-json-2.0.5.RELEASE.jar;C:\Users\taincokr\.m2\repository\com\fasterxml\jackson\datatype\jackson-datatype-jdk8\2.9.6\jackson-datatype-jdk8-2.9.6.jar;C:\Users\taincokr\.m2\repository\com\fasterxml\jackson\datatype\jackson-datatype-jsr310\2.9.6\jackson-datatype-jsr310-2.9.6.jar;C:\Users\taincokr\.m2\repository\com\fasterxml\jackson\module\jackson-module-parameter-names\2.9.6\jackson-module-parameter-names-2.9.6.jar;C:\Users\taincokr\.m2\repository\org\springframework\data\spring-data-rest-webmvc\3.0.10.RELEASE\spring-data-rest-webmvc-3.0.10.RELEASE.jar;C:\Users\taincokr\.m2\repository\org\springframework\data\spring-data-rest-core\3.0.10.RELEASE\spring-data-rest-core-3.0.10.RELEASE.jar;C:\Users\taincokr\.m2\repository\org\springframework\hateoas\spring-hateoas\0.25.0.RELEASE\spring-hateoas-0.25.0.RELEASE.jar;C:\Users\taincokr\.m2\repository\org\springframework\plugin\spring-plugin-core\1.2.0.RELEASE\spring-plugin-core-1.2.0.RELEASE.jar;C:\Users\taincokr\.m2\repository\org\atteo\evo-inflector\1.2.2\evo-inflector-1.2.2.jar;C:\Users\taincokr\.m2\repository\org\springframework\boot\spring-boot-starter-web\2.0.5.RELEASE\spring-boot-starter-web-2.0.5.RELEASE.jar;C:\Users\taincokr\.m2\repository\org\springframework\boot\spring-boot-starter-tomcat\2.0.5.RELEASE\spring-boot-starter-tomcat-2.0.5.RELEASE.jar;C:\Users\taincokr\.m2\repository\org\apache\tomcat\embed\tomcat-embed-core\8.5.34\tomcat-embed-core-8.5.34.jar;C:\Users\taincokr\.m2\repository\org\apache\tomcat\embed\tomcat-embed-el\8.5.34\tomcat-embed-el-8.5.34.jar;C:\Users\taincokr\.m2\repository\org\apache\tomcat\embed\tomcat-embed-websocket\8.5.34\tomcat-embed-websocket-8.5.34.jar;C:\Users\taincokr\.m2\repository\org\hibernate\validator\hibernate-validator\6.0.12.Final\hibernate-validator-6.0.12.Final.jar;C:\Users\taincokr\.m2\repository\javax\validation\validation-api\2.0.1.Final\validation-api-2.0.1.Final.jar;C:\Users\taincokr\.m2\repository\org\jboss\logging\jboss-logging\3.3.2.Final\jboss-logging-3.3.2.Final.jar;C:\Users\taincokr\.m2\repository\com\fasterxml\classmate\1.3.4\classmate-1.3.4.jar;C:\Users\taincokr\.m2\repository\org\springframework\spring-web\5.0.9.RELEASE\spring-web-5.0.9.RELEASE.jar;C:\Users\taincokr\.m2\repository\org\springframework\spring-beans\5.0.9.RELEASE\spring-beans-5.0.9.RELEASE.jar;C:\Users\taincokr\.m2\repository\org\springframework\spring-webmvc\5.0.9.RELEASE\spring-webmvc-5.0.9.RELEASE.jar;C:\Users\taincokr\.m2\repository\org\springframework\spring-aop\5.0.9.RELEASE\spring-aop-5.0.9.RELEASE.jar;C:\Users\taincokr\.m2\repository\org\springframework\spring-context\5.0.9.RELEASE\spring-context-5.0.9.RELEASE.jar;C:\Users\taincokr\.m2\repository\org\springframework\spring-expression\5.0.9.RELEASE\spring-expression-5.0.9.RELEASE.jar;C:\Users\taincokr\.m2\repository\org\springframework\data\spring-data-gemfire\2.0.10.RELEASE\spring-data-gemfire-2.0.10.RELEASE.jar;C:\Users\taincokr\.m2\repository\org\springframework\spring-context-support\5.0.9.RELEASE\spring-context-support-5.0.9.RELEASE.jar;C:\Users\taincokr\.m2\repository\org\springframework\spring-tx\5.0.9.RELEASE\spring-tx-5.0.9.RELEASE.jar;C:\Users\taincokr\.m2\repository\org\springframework\data\spring-data-commons\2.0.10.RELEASE\spring-data-commons-2.0.10.RELEASE.jar;C:\Users\taincokr\.m2\repository\io\pivotal\gemfire\geode-core\9.1.1\geode-core-9.1.1.jar;C:\Users\taincokr\.m2\repository\com\github\stephenc\findbugs\findbugs-annotations\1.3.9-1\findbugs-annotations-1.3.9-1.jar;C:\Users\taincokr\.m2\repository\org\jgroups\jgroups\3.6.10.Final\jgroups-3.6.10.Final.jar;C:\Users\taincokr\.m2\repository\commons-lang\commons-lang\2.6\commons-lang-2.6.jar;C:\Users\taincokr\.m2\repository\it\unimi\dsi\fastutil\7.1.0\fastutil-7.1.0.jar;C:\Users\taincokr\.m2\repository\javax\resource\javax.resource-api\1.7\javax.resource-api-1.7.jar;C:\Users\taincokr\.m2\repository\javax\transaction\javax.transaction-api\1.2\javax.transaction-api-1.2.jar;C:\Users\taincokr\.m2\repository\net\java\dev\jna\jna\4.5.2\jna-4.5.2.jar;C:\Users\taincokr\.m2\repository\net\sf\jopt-simple\jopt-simple\5.0.3\jopt-simple-5.0.3.jar;C:\Users\taincokr\.m2\repository\org\apache\logging\log4j\log4j-api\2.10.0\log4j-api-2.10.0.jar;C:\Users\taincokr\.m2\repository\org\apache\logging\log4j\log4j-core\2.10.0\log4j-core-2.10.0.jar;C:\Users\taincokr\.m2\repository\org\apache\shiro\shiro-core\1.3.2\shiro-core-1.3.2.jar;C:\Users\taincokr\.m2\repository\commons-beanutils\commons-beanutils\1.9.3\commons-beanutils-1.9.3.jar;C:\Users\taincokr\.m2\repository\commons-logging\commons-logging\1.2\commons-logging-1.2.jar;C:\Users\taincokr\.m2\repository\commons-collections\commons-collections\3.2.2\commons-collections-3.2.2.jar;C:\Users\taincokr\.m2\repository\io\github\lukehutch\fast-classpath-scanner\2.0.11\fast-classpath-scanner-2.0.11.jar;C:\Users\taincokr\.m2\repository\io\pivotal\gemfire\geode-common\9.1.1\geode-common-9.1.1.jar;C:\Users\taincokr\.m2\repository\io\pivotal\gemfire\geode-json\9.1.1\geode-json-9.1.1.jar;C:\Users\taincokr\.m2\repository\io\pivotal\gemfire\geode-cq\9.1.1\geode-cq-9.1.1.jar;C:\Users\taincokr\.m2\repository\io\pivotal\gemfire\geode-lucene\9.1.1\geode-lucene-9.1.1.jar;C:\Users\taincokr\.m2\repository\org\apache\lucene\lucene-analyzers-common\6.4.1\lucene-analyzers-common-6.4.1.jar;C:\Users\taincokr\.m2\repository\org\apache\lucene\lucene-core\6.4.1\lucene-core-6.4.1.jar;C:\Users\taincokr\.m2\repository\org\apache\lucene\lucene-queries\6.4.1\lucene-queries-6.4.1.jar;C:\Users\taincokr\.m2\repository\org\apache\lucene\lucene-analyzers-phonetic\6.4.1\lucene-analyzers-phonetic-6.4.1.jar;C:\Users\taincokr\.m2\repository\commons-codec\commons-codec\1.11\commons-codec-1.11.jar;C:\Users\taincokr\.m2\repository\org\apache\lucene\lucene-queryparser\6.4.1\lucene-queryparser-6.4.1.jar;C:\Users\taincokr\.m2\repository\org\apache\lucene\lucene-sandbox\6.4.1\lucene-sandbox-6.4.1.jar;C:\Users\taincokr\.m2\repository\io\pivotal\gemfire\geode-wan\9.1.1\geode-wan-9.1.1.jar;C:\Users\taincokr\.m2\repository\antlr\antlr\2.7.7\antlr-2.7.7.jar;C:\Users\taincokr\.m2\repository\org\aspectj\aspectjweaver\1.8.13\aspectjweaver-1.8.13.jar;C:\Users\taincokr\.m2\repository\com\fasterxml\jackson\core\jackson-annotations\2.9.0\jackson-annotations-2.9.0.jar;C:\Users\taincokr\.m2\repository\com\fasterxml\jackson\core\jackson-databind\2.9.6\jackson-databind-2.9.6.jar;C:\Users\taincokr\.m2\repository\com\fasterxml\jackson\core\jackson-core\2.9.6\jackson-core-2.9.6.jar;C:\Users\taincokr\.m2\repository\org\slf4j\jcl-over-slf4j\1.7.25\jcl-over-slf4j-1.7.25.jar;C:\Users\taincokr\.m2\repository\org\slf4j\slf4j-api\1.7.25\slf4j-api-1.7.25.jar;C:\Users\taincokr\.m2\repository\org\projectlombok\lombok\1.16.22\lombok-1.16.22.jar;C:\Users\taincokr\.m2\repository\org\springframework\shell\spring-shell\1.2.0.RELEASE\spring-shell-1.2.0.RELEASE.jar;C:\Users\taincokr\.m2\repository\com\google\guava\guava\17.0\guava-17.0.jar;C:\Users\taincokr\.m2\repository\jline\jline\2.12\jline-2.12.jar;C:\Users\taincokr\.m2\repository\commons-io\commons-io\2.4\commons-io-2.4.jar;C:\Users\taincokr\.m2\repository\org\springframework\spring-core\5.0.9.RELEASE\spring-core-5.0.9.RELEASE.jar;C:\Users\taincokr\.m2\repository\org\springframework\spring-jcl\5.0.9.RELEASE\spring-jcl-5.0.9.RELEASE.jar;C:\Users\taincokr\.m2\repository\org\springframework\boot\spring-boot-starter-test\2.0.5.RELEASE\spring-boot-starter-test-2.0.5.RELEASE.jar;C:\Users\taincokr\.m2\repository\org\springframework\boot\spring-boot-test\2.0.5.RELEASE\spring-boot-test-2.0.5.RELEASE.jar;C:\Users\taincokr\.m2\repository\org\springframework\boot\spring-boot-test-autoconfigure\2.0.5.RELEASE\spring-boot-test-autoconfigure-2.0.5.RELEASE.jar;C:\Users\taincokr\.m2\repository\com\jayway\jsonpath\json-path\2.4.0\json-path-2.4.0.jar;C:\Users\taincokr\.m2\repository\net\minidev\json-smart\2.3\json-smart-2.3.jar;C:\Users\taincokr\.m2\repository\net\minidev\accessors-smart\1.2\accessors-smart-1.2.jar;C:\Users\taincokr\.m2\repository\org\ow2\asm\asm\5.0.4\asm-5.0.4.jar;C:\Users\taincokr\.m2\repository\junit\junit\4.12\junit-4.12.jar;C:\Users\taincokr\.m2\repository\org\assertj\assertj-core\3.9.1\assertj-core-3.9.1.jar;C:\Users\taincokr\.m2\repository\org\mockito\mockito-core\2.15.0\mockito-core-2.15.0.jar;C:\Users\taincokr\.m2\repository\net\bytebuddy\byte-buddy\1.7.11\byte-buddy-1.7.11.jar;C:\Users\taincokr\.m2\repository\net\bytebuddy\byte-buddy-agent\1.7.11\byte-buddy-agent-1.7.11.jar;C:\Users\taincokr\.m2\repository\org\objenesis\objenesis\2.6\objenesis-2.6.jar;C:\Users\taincokr\.m2\repository\org\hamcrest\hamcrest-core\1.3\hamcrest-core-1.3.jar;C:\Users\taincokr\.m2\repository\org\hamcrest\hamcrest-library\1.3\hamcrest-library-1.3.jar;C:\Users\taincokr\.m2\repository\org\skyscreamer\jsonassert\1.5.0\jsonassert-1.5.0.jar;C:\Users\taincokr\.m2\repository\com\vaadin\external\google\android-json\0.0.20131108.vaadin1\android-json-0.0.20131108.vaadin1.jar;C:\Users\taincokr\.m2\repository\org\springframework\spring-test\5.0.9.RELEASE\spring-test-5.0.9.RELEASE.jar;C:\Users\taincokr\.m2\repository\org\xmlunit\xmlunit-core\2.5.1\xmlunit-core-2.5.1.jar;"/>
    <property name="sun.cpu.endian" value="little"/>
    <property name="user.home" value="C:\Users\taincokr"/>
    <property name="user.language" value="ko"/>
    <property name="java.specification.vendor" value="Oracle Corporation"/>
    <property name="java.home" value="C:\hanwha\java\jdk1.8.0_152\jre"/>
    <property name="basedir" value="C:\hanwha\GIT_sts\KieaGradle\test01\gs-accessing-gemfire-data-rest"/>
    <property name="file.separator" value="\"/>
    <property name="line.separator" value="&#10;"/>
    <property name="java.vm.specification.vendor" value="Oracle Corporation"/>
    <property name="java.specification.name" value="Java Platform API Specification"/>
    <property name="java.awt.graphicsenv" value="sun.awt.Win32GraphicsEnvironment"/>
    <property name="surefire.real.class.path" value="C:\Users\taincokr\AppData\Local\Temp\surefire5544074471684626206\surefirebooter6891383108441716639.jar"/>
    <property name="sun.boot.class.path" value="C:\hanwha\java\jdk1.8.0_152\jre\lib\resources.jar;C:\hanwha\java\jdk1.8.0_152\jre\lib\rt.jar;C:\hanwha\java\jdk1.8.0_152\jre\lib\sunrsasign.jar;C:\hanwha\java\jdk1.8.0_152\jre\lib\jsse.jar;C:\hanwha\java\jdk1.8.0_152\jre\lib\jce.jar;C:\hanwha\java\jdk1.8.0_152\jre\lib\charsets.jar;C:\hanwha\java\jdk1.8.0_152\jre\lib\jfr.jar;C:\hanwha\java\jdk1.8.0_152\jre\classes"/>
    <property name="user.script" value=""/>
    <property name="sun.management.compiler" value="HotSpot 64-Bit Tiered Compilers"/>
    <property name="java.runtime.version" value="1.8.0_152-b16"/>
    <property name="user.name" value="taincokr"/>
    <property name="path.separator" value=";"/>
    <property name="os.version" value="6.1"/>
    <property name="java.endorsed.dirs" value="C:\hanwha\java\jdk1.8.0_152\jre\lib\endorsed"/>
    <property name="java.runtime.name" value="Java(TM) SE Runtime Environment"/>
    <property name="file.encoding" value="MS949"/>
    <property name="java.vm.name" value="Java HotSpot(TM) 64-Bit Server VM"/>
    <property name="localRepository" value="C:\Users\taincokr\.m2\repository"/>
    <property name="java.vendor.url.bug" value="http://bugreport.sun.com/bugreport/"/>
    <property name="java.io.tmpdir" value="C:\Users\taincokr\AppData\Local\Temp\"/>
    <property name="java.version" value="1.8.0_152"/>
    <property name="user.dir" value="C:\hanwha\GIT_sts\KieaGradle\test01\gs-accessing-gemfire-data-rest"/>
    <property name="os.arch" value="amd64"/>
    <property name="java.vm.specification.name" value="Java Virtual Machine Specification"/>
    <property name="java.awt.printerjob" value="sun.awt.windows.WPrinterJob"/>
    <property name="sun.os.patch.level" value="Service Pack 1"/>
    <property name="java.library.path" value="C:\hanwha\java\jdk1.8.0_152\jre\bin;C:\Windows\Sun\Java\bin;C:\Windows\system32;C:\Windows;C:\Windows\system32;C:\Windows;C:\Windows\System32\Wbem;C:\Windows\System32\WindowsPowerShell\v1.0\;C:\Program Files (x86)\Intel\OpenCL SDK\3.0\bin\x86;C:\Program Files (x86)\Intel\OpenCL SDK\3.0\bin\x64;C:\Program Files\Intel\WiFi\bin\;C:\Program Files\Common Files\Intel\WirelessCommon\;C:\hanwha\gradle-4.10.2\bin;C:\hanwha\apache-ant-1.9.13\bin;C:\hanwha\apache-maven-3.3.3\bin;C:\hanwha\java\jdk1.8.0_152\bin;C:\[ KANG ]\bin;;."/>
    <property name="java.vm.info" value="mixed mode"/>
    <property name="java.vendor" value="Oracle Corporation"/>
    <property name="java.vm.version" value="25.152-b16"/>
    <property name="java.ext.dirs" value="C:\hanwha\java\jdk1.8.0_152\jre\lib\ext;C:\Windows\Sun\Java\lib\ext"/>
    <property name="sun.io.unicode.encoding" value="UnicodeLittle"/>
    <property name="java.class.version" value="52.0"/>
  </properties>
  <testcase name="testSomeLibraryMethod" classname="LibraryTest" time="0.001"/>
</testsuite>